[0.052s] Invoking command in '/home/timoha/KSAROmni/build/peredelka': CMAKE_PREFIX_PATH=/opt/ros/humble /usr/bin/cmake --build /home/timoha/KSAROmni/build/peredelka -- -j4 -l4
[0.499s] [ 50%] [32mBuilding CXX object CMakeFiles/talker.dir/src/main.cpp.o[0m
[3.198s] [01m[K/home/timoha/KSAROmni/src/peredelka/src/main.cpp:8:10:[m[K [01;31m[Kfatal error: [m[Ksensor_msgs/msg/laser_scan.hpp: No such file or directory
[3.199s]     8 | #include [01;31m[K"sensor_msgs/msg/laser_scan.hpp"[m[K
[3.199s]       |          [01;31m[K^~~~~~~~~~~~~~~~~~~~~~~~~~~~~~~~[m[K
[3.200s] compilation terminated.
[3.213s] gmake[2]: *** [CMakeFiles/talker.dir/build.make:76: CMakeFiles/talker.dir/src/main.cpp.o] Error 1
[3.216s] gmake[1]: *** [CMakeFiles/Makefile2:137: CMakeFiles/talker.dir/all] Error 2
[3.218s] gmake: *** [Makefile:146: all] Error 2
[5.116s] Invoked command in '/home/timoha/KSAROmni/build/peredelka' returned '2': CMAKE_PREFIX_PATH=/opt/ros/humble /usr/bin/cmake --build /home/timoha/KSAROmni/build/peredelka -- -j4 -l4
